2024-12-19 11:08:19.737 [main] ERROR CustomerStorage - ?????? ??? ?????????? ???????: ???????? ?????????? ??????. ??????: ??? ??????? Email ???????
2024-12-19 11:08:19.750 [main] ERROR CustomerStorage - ?????? ??? ?????????? ???????: ???????? ?????????? ??????. ??????: ??? ??????? Email ???????
2024-12-19 11:08:19.764 [main] ERROR CustomerStorage - ?????? ??? ?????????? ???????: ???????? ?????? email: thisIsNotAnEmail
2024-12-19 11:08:19.767 [main] ERROR CustomerStorage - ?????? ??? ?????????? ???????: ???????? ?????? ????????. ??????????? ??????: +7 ? 10 ????
2024-12-19 11:08:32.329 [main] ERROR CustomerStorage - ?????? ??? ?????????? ???????: ???????? ?????????? ??????. ??????: ??? ??????? Email ???????
2024-12-19 11:08:32.333 [main] ERROR CustomerStorage - ?????? ??? ?????????? ???????: ???????? ?????????? ??????. ??????: ??? ??????? Email ???????
2024-12-19 11:08:32.340 [main] ERROR CustomerStorage - ?????? ??? ?????????? ???????: ???????? ?????? email: thisIsNotAnEmail
2024-12-19 11:08:32.342 [main] ERROR CustomerStorage - ?????? ??? ?????????? ???????: ???????? ?????? ????????. ??????????? ??????: +7 ? 10 ????
2024-12-19 11:43:16.720 [main] ERROR CustomerStorage - ?????? ??? ?????????? ???????: ???????? ?????????? ??????. ??????: ??? ??????? Email ???????
2024-12-19 11:43:16.729 [main] ERROR CustomerStorage - ?????? ??? ?????????? ???????: ???????? ?????????? ??????. ??????: ??? ??????? Email ???????
2024-12-19 11:43:16.731 [main] ERROR CustomerStorage - ?????? ??? ?????????? ???????: ???????? ?????? email: thisIsNotAnEmail
2024-12-19 11:43:16.738 [main] ERROR CustomerStorage - ?????? ??? ?????????? ???????: ???????? ?????? ????????. ??????????? ??????: +7 ? 10 ????
2024-12-19 11:43:27.517 [main] ERROR CustomerStorage - ?????? ??? ?????????? ???????: ???????? ?????????? ??????. ??????: ??? ??????? Email ???????
2024-12-19 11:43:27.517 [main] ERROR CustomerStorage - ?????? ??? ?????????? ???????: ???????? ?????????? ??????. ??????: ??? ??????? Email ???????
2024-12-19 11:43:27.533 [main] ERROR CustomerStorage - ?????? ??? ?????????? ???????: ???????? ?????? email: thisIsNotAnEmail
2024-12-19 11:43:27.541 [main] ERROR CustomerStorage - ?????? ??? ?????????? ???????: ???????? ?????? ????????. ??????????? ??????: +7 ? 10 ????
2024-12-19 11:49:49.811 [main] ERROR CustomerStorage - Ошибка при добавлении клиента: Неверное количество данных. Формат: Имя Фамилия Email Телефон
2024-12-19 11:49:49.825 [main] ERROR CustomerStorage - Ошибка при добавлении клиента: Неверное количество данных. Формат: Имя Фамилия Email Телефон
2024-12-19 11:49:49.838 [main] ERROR CustomerStorage - Ошибка при добавлении клиента: Неверный формат email: thisIsNotAnEmail
2024-12-19 11:49:49.840 [main] ERROR CustomerStorage - Ошибка при добавлении клиента: Неверный формат телефона. Используйте формат: +7 и 10 цифр
2024-12-19 11:50:00.518 [main] ERROR CustomerStorage - Ошибка при добавлении клиента: Неверное количество данных. Формат: Имя Фамилия Email Телефон
2024-12-19 11:50:00.527 [main] ERROR CustomerStorage - Ошибка при добавлении клиента: Неверное количество данных. Формат: Имя Фамилия Email Телефон
2024-12-19 11:50:00.539 [main] ERROR CustomerStorage - Ошибка при добавлении клиента: Неверный формат email: thisIsNotAnEmail
2024-12-19 11:50:00.542 [main] ERROR CustomerStorage - Ошибка при добавлении клиента: Неверный формат телефона. Используйте формат: +7 и 10 цифр
2024-12-19 11:58:11.529 [main] ERROR CustomerStorage - Ошибка при добавлении клиента: Неверное количество данных. Формат: Имя Фамилия Email Телефон
2024-12-19 11:58:11.543 [main] ERROR CustomerStorage - Ошибка при добавлении клиента: Неверное количество данных. Формат: Имя Фамилия Email Телефон
2024-12-19 11:58:11.555 [main] ERROR CustomerStorage - Ошибка при добавлении клиента: Неверный формат email: thisIsNotAnEmail
2024-12-19 11:58:11.560 [main] ERROR CustomerStorage - Ошибка при добавлении клиента: Неверный формат телефона. Используйте формат: +7 и 10 цифр
2024-12-19 11:58:13.770 [main] ERROR CustomerStorage - Ошибка при добавлении клиента: Неверное количество данных. Формат: Имя Фамилия Email Телефон
2024-12-19 11:58:13.784 [main] ERROR CustomerStorage - Ошибка при добавлении клиента: Неверное количество данных. Формат: Имя Фамилия Email Телефон
2024-12-19 11:58:13.796 [main] ERROR CustomerStorage - Ошибка при добавлении клиента: Неверный формат email: thisIsNotAnEmail
2024-12-19 11:58:13.800 [main] ERROR CustomerStorage - Ошибка при добавлении клиента: Неверный формат телефона. Используйте формат: +7 и 10 цифр
