2024-12-19 11:08:19.729 [main] INFO  CustomerStorage - ??????? ????? ????????? ????????
2024-12-19 11:08:19.736 [main] INFO  CustomerStorage - ??????? ?????? ?? ?????????? ???????: ??????? ?????? vasily.petrov@gmail.com +79215637722 5?????
2024-12-19 11:08:19.750 [main] INFO  CustomerStorage - ??????? ????? ????????? ????????
2024-12-19 11:08:19.750 [main] INFO  CustomerStorage - ??????? ?????? ?? ?????????? ???????: ??????? ?????? vasily.petrov@gmail.com
2024-12-19 11:08:19.751 [main] INFO  CustomerStorage - ??????? ????? ????????? ????????
2024-12-19 11:08:19.752 [main] INFO  CustomerStorage - ??????? ?????? ?? ?????????? ???????: ??????? ?????? hello@skillbox.ru +79991234567
2024-12-19 11:08:19.759 [main] INFO  CustomerStorage - ?????? ??????? ????????: ??????? ??????
2024-12-19 11:08:19.763 [main] INFO  CustomerStorage - ??????? ????? ????????? ????????
2024-12-19 11:08:19.763 [main] INFO  CustomerStorage - ??????? ?????? ?? ?????????? ???????: ??????? ?????? thisIsNotAnEmail +79215637722
2024-12-19 11:08:19.765 [main] INFO  CustomerStorage - ??????? ????? ????????? ????????
2024-12-19 11:08:19.767 [main] INFO  CustomerStorage - ??????? ?????? ?? ?????????? ???????: ??????? ?????? hello@skillbox.ru +thisIsNotANumber
2024-12-19 11:08:32.322 [main] INFO  CustomerStorage - ??????? ????? ????????? ????????
2024-12-19 11:08:32.329 [main] INFO  CustomerStorage - ??????? ?????? ?? ?????????? ???????: ??????? ?????? vasily.petrov@gmail.com +79215637722 5?????
2024-12-19 11:08:32.333 [main] INFO  CustomerStorage - ??????? ????? ????????? ????????
2024-12-19 11:08:32.333 [main] INFO  CustomerStorage - ??????? ?????? ?? ?????????? ???????: ??????? ?????? vasily.petrov@gmail.com
2024-12-19 11:08:32.336 [main] INFO  CustomerStorage - ??????? ????? ????????? ????????
2024-12-19 11:08:32.337 [main] INFO  CustomerStorage - ??????? ?????? ?? ?????????? ???????: ??????? ?????? hello@skillbox.ru +79991234567
2024-12-19 11:08:32.337 [main] INFO  CustomerStorage - ?????? ??????? ????????: ??????? ??????
2024-12-19 11:08:32.339 [main] INFO  CustomerStorage - ??????? ????? ????????? ????????
2024-12-19 11:08:32.340 [main] INFO  CustomerStorage - ??????? ?????? ?? ?????????? ???????: ??????? ?????? thisIsNotAnEmail +79215637722
2024-12-19 11:08:32.341 [main] INFO  CustomerStorage - ??????? ????? ????????? ????????
2024-12-19 11:08:32.342 [main] INFO  CustomerStorage - ??????? ?????? ?? ?????????? ???????: ??????? ?????? hello@skillbox.ru +thisIsNotANumber
2024-12-19 11:43:16.697 [main] INFO  CustomerStorage - ??????? ????? ????????? ????????
2024-12-19 11:43:16.718 [main] INFO  CustomerStorage - ??????? ?????? ?? ?????????? ???????: ??????? ?????? vasily.petrov@gmail.com +79215637722 5?????
2024-12-19 11:43:16.721 [main] INFO  CustomerStorage - ??????? ????? ????????? ????????
2024-12-19 11:43:16.728 [main] INFO  CustomerStorage - ??????? ?????? ?? ?????????? ???????: ??????? ?????? vasily.petrov@gmail.com
2024-12-19 11:43:16.729 [main] INFO  CustomerStorage - ??????? ????? ????????? ????????
2024-12-19 11:43:16.731 [main] INFO  CustomerStorage - ??????? ?????? ?? ?????????? ???????: ??????? ?????? hello@skillbox.ru +79991234567
2024-12-19 11:43:16.731 [main] INFO  CustomerStorage - ?????? ??????? ????????: ??????? ??????
2024-12-19 11:43:16.731 [main] INFO  CustomerStorage - ??????? ????? ????????? ????????
2024-12-19 11:43:16.731 [main] INFO  CustomerStorage - ??????? ?????? ?? ?????????? ???????: ??????? ?????? thisIsNotAnEmail +79215637722
2024-12-19 11:43:16.738 [main] INFO  CustomerStorage - ??????? ????? ????????? ????????
2024-12-19 11:43:16.738 [main] INFO  CustomerStorage - ??????? ?????? ?? ?????????? ???????: ??????? ?????? hello@skillbox.ru +thisIsNotANumber
2024-12-19 11:43:27.501 [main] INFO  CustomerStorage - ??????? ????? ????????? ????????
2024-12-19 11:43:27.517 [main] INFO  CustomerStorage - ??????? ?????? ?? ?????????? ???????: ??????? ?????? vasily.petrov@gmail.com +79215637722 5?????
2024-12-19 11:43:27.517 [main] INFO  CustomerStorage - ??????? ????? ????????? ????????
2024-12-19 11:43:27.517 [main] INFO  CustomerStorage - ??????? ?????? ?? ?????????? ???????: ??????? ?????? vasily.petrov@gmail.com
2024-12-19 11:43:27.533 [main] INFO  CustomerStorage - ??????? ????? ????????? ????????
2024-12-19 11:43:27.533 [main] INFO  CustomerStorage - ??????? ?????? ?? ?????????? ???????: ??????? ?????? hello@skillbox.ru +79991234567
2024-12-19 11:43:27.533 [main] INFO  CustomerStorage - ?????? ??????? ????????: ??????? ??????
2024-12-19 11:43:27.533 [main] INFO  CustomerStorage - ??????? ????? ????????? ????????
2024-12-19 11:43:27.533 [main] INFO  CustomerStorage - ??????? ?????? ?? ?????????? ???????: ??????? ?????? thisIsNotAnEmail +79215637722
2024-12-19 11:43:27.533 [main] INFO  CustomerStorage - ??????? ????? ????????? ????????
2024-12-19 11:43:27.541 [main] INFO  CustomerStorage - ??????? ?????? ?? ?????????? ???????: ??????? ?????? hello@skillbox.ru +thisIsNotANumber
2024-12-19 11:49:49.800 [main] INFO  CustomerStorage - Создано новое хранилище клиентов
2024-12-19 11:49:49.810 [main] INFO  CustomerStorage - Получен запрос на добавление клиента: Василий Петров vasily.petrov@gmail.com +79215637722 5слово
2024-12-19 11:49:49.824 [main] INFO  CustomerStorage - Создано новое хранилище клиентов
2024-12-19 11:49:49.824 [main] INFO  CustomerStorage - Получен запрос на добавление клиента: Василий Петров vasily.petrov@gmail.com
2024-12-19 11:49:49.827 [main] INFO  CustomerStorage - Создано новое хранилище клиентов
2024-12-19 11:49:49.828 [main] INFO  CustomerStorage - Получен запрос на добавление клиента: Василий Петров hello@skillbox.ru +79991234567
2024-12-19 11:49:49.831 [main] INFO  CustomerStorage - Клиент успешно добавлен: Василий Петров
2024-12-19 11:49:49.836 [main] INFO  CustomerStorage - Создано новое хранилище клиентов
2024-12-19 11:49:49.837 [main] INFO  CustomerStorage - Получен запрос на добавление клиента: Василий Петров thisIsNotAnEmail +79215637722
2024-12-19 11:49:49.839 [main] INFO  CustomerStorage - Создано новое хранилище клиентов
2024-12-19 11:49:49.840 [main] INFO  CustomerStorage - Получен запрос на добавление клиента: Василий Петров hello@skillbox.ru +thisIsNotANumber
2024-12-19 11:50:00.508 [main] INFO  CustomerStorage - Создано новое хранилище клиентов
2024-12-19 11:50:00.517 [main] INFO  CustomerStorage - Получен запрос на добавление клиента: Василий Петров vasily.petrov@gmail.com +79215637722 5слово
2024-12-19 11:50:00.526 [main] INFO  CustomerStorage - Создано новое хранилище клиентов
2024-12-19 11:50:00.526 [main] INFO  CustomerStorage - Получен запрос на добавление клиента: Василий Петров vasily.petrov@gmail.com
2024-12-19 11:50:00.529 [main] INFO  CustomerStorage - Создано новое хранилище клиентов
2024-12-19 11:50:00.530 [main] INFO  CustomerStorage - Получен запрос на добавление клиента: Василий Петров hello@skillbox.ru +79991234567
2024-12-19 11:50:00.533 [main] INFO  CustomerStorage - Клиент успешно добавлен: Василий Петров
2024-12-19 11:50:00.537 [main] INFO  CustomerStorage - Создано новое хранилище клиентов
2024-12-19 11:50:00.538 [main] INFO  CustomerStorage - Получен запрос на добавление клиента: Василий Петров thisIsNotAnEmail +79215637722
2024-12-19 11:50:00.541 [main] INFO  CustomerStorage - Создано новое хранилище клиентов
2024-12-19 11:50:00.541 [main] INFO  CustomerStorage - Получен запрос на добавление клиента: Василий Петров hello@skillbox.ru +thisIsNotANumber
2024-12-19 11:58:11.517 [main] INFO  CustomerStorage - Создано новое хранилище клиентов
2024-12-19 11:58:11.528 [main] INFO  CustomerStorage - Получен запрос на добавление клиента: Василий Петров vasily.petrov@gmail.com +79215637722 5слово
2024-12-19 11:58:11.542 [main] INFO  CustomerStorage - Создано новое хранилище клиентов
2024-12-19 11:58:11.543 [main] INFO  CustomerStorage - Получен запрос на добавление клиента: Василий Петров vasily.petrov@gmail.com
2024-12-19 11:58:11.547 [main] INFO  CustomerStorage - Создано новое хранилище клиентов
2024-12-19 11:58:11.548 [main] INFO  CustomerStorage - Получен запрос на добавление клиента: Василий Петров hello@skillbox.ru +79991234567
2024-12-19 11:58:11.549 [main] INFO  CustomerStorage - Клиент успешно добавлен: Василий Петров
2024-12-19 11:58:11.553 [main] INFO  CustomerStorage - Создано новое хранилище клиентов
2024-12-19 11:58:11.554 [main] INFO  CustomerStorage - Получен запрос на добавление клиента: Василий Петров thisIsNotAnEmail +79215637722
2024-12-19 11:58:11.558 [main] INFO  CustomerStorage - Создано новое хранилище клиентов
2024-12-19 11:58:11.560 [main] INFO  CustomerStorage - Получен запрос на добавление клиента: Василий Петров hello@skillbox.ru +thisIsNotANumber
2024-12-19 11:58:13.763 [main] INFO  CustomerStorage - Создано новое хранилище клиентов
2024-12-19 11:58:13.770 [main] INFO  CustomerStorage - Получен запрос на добавление клиента: Василий Петров vasily.petrov@gmail.com +79215637722 5слово
2024-12-19 11:58:13.782 [main] INFO  CustomerStorage - Создано новое хранилище клиентов
2024-12-19 11:58:13.783 [main] INFO  CustomerStorage - Получен запрос на добавление клиента: Василий Петров vasily.petrov@gmail.com
2024-12-19 11:58:13.788 [main] INFO  CustomerStorage - Создано новое хранилище клиентов
2024-12-19 11:58:13.790 [main] INFO  CustomerStorage - Получен запрос на добавление клиента: Василий Петров hello@skillbox.ru +79991234567
2024-12-19 11:58:13.791 [main] INFO  CustomerStorage - Клиент успешно добавлен: Василий Петров
2024-12-19 11:58:13.795 [main] INFO  CustomerStorage - Создано новое хранилище клиентов
2024-12-19 11:58:13.795 [main] INFO  CustomerStorage - Получен запрос на добавление клиента: Василий Петров thisIsNotAnEmail +79215637722
2024-12-19 11:58:13.798 [main] INFO  CustomerStorage - Создано новое хранилище клиентов
2024-12-19 11:58:13.799 [main] INFO  CustomerStorage - Получен запрос на добавление клиента: Василий Петров hello@skillbox.ru +thisIsNotANumber
